[25/08/2023 10:05:49] SequelizeAccessDeniedError: Access denied for user ''@'localhost' (using password: NO)
    at ConnectionManager.connect (E:\QUYNV\CRYPTO\BINANCE\futurev4\node_modules\sequelize\lib\dialects\mysql\connection-manager.js:118:17)
    at processTicksAndRejections (node:internal/process/task_queues:96:5)
    at async ConnectionManager._connect (E:\QUYNV\CRYPTO\BINANCE\futurev4\node_modules\sequelize\lib\dialects\abstract\connection-manager.js:318:24)
    at async E:\QUYNV\CRYPTO\BINANCE\futurev4\node_modules\sequelize\lib\dialects\abstract\connection-manager.js:250:32
    at async ConnectionManager.getConnection (E:\QUYNV\CRYPTO\BINANCE\futurev4\node_modules\sequelize\lib\dialects\abstract\connection-manager.js:280:7)
    at async E:\QUYNV\CRYPTO\BINANCE\futurev4\node_modules\sequelize\lib\sequelize.js:613:26
    at async MySQLQueryInterface.createTable (E:\QUYNV\CRYPTO\BINANCE\futurev4\node_modules\sequelize\lib\dialects\abstract\query-interface.js:225:12)
    at async Function.sync (E:\QUYNV\CRYPTO\BINANCE\futurev4\node_modules\sequelize\lib\model.js:1300:5)
    at async Sequelize.sync (E:\QUYNV\CRYPTO\BINANCE\futurev4\node_modules\sequelize\lib\sequelize.js:793:35)
[25/08/2023 10:37:14] SequelizeHostNotFoundError: getaddrinfo ENOTFOUND localhost:3306
    at ConnectionManager.connect (E:\QUYNV\CRYPTO\BINANCE\futurev4\node_modules\sequelize\lib\dialects\mysql\connection-manager.js:120:17)
    at processTicksAndRejections (node:internal/process/task_queues:96:5)
    at async ConnectionManager._connect (E:\QUYNV\CRYPTO\BINANCE\futurev4\node_modules\sequelize\lib\dialects\abstract\connection-manager.js:318:24)
    at async E:\QUYNV\CRYPTO\BINANCE\futurev4\node_modules\sequelize\lib\dialects\abstract\connection-manager.js:250:32
    at async ConnectionManager.getConnection (E:\QUYNV\CRYPTO\BINANCE\futurev4\node_modules\sequelize\lib\dialects\abstract\connection-manager.js:280:7)
    at async E:\QUYNV\CRYPTO\BINANCE\futurev4\node_modules\sequelize\lib\sequelize.js:613:26
    at async MySQLQueryInterface.createTable (E:\QUYNV\CRYPTO\BINANCE\futurev4\node_modules\sequelize\lib\dialects\abstract\query-interface.js:225:12)
    at async Function.sync (E:\QUYNV\CRYPTO\BINANCE\futurev4\node_modules\sequelize\lib\model.js:1300:5)
    at async Sequelize.sync (E:\QUYNV\CRYPTO\BINANCE\futurev4\node_modules\sequelize\lib\sequelize.js:793:35)
